癤풱tarting Automated Demo Recording for StellarStream MVP...
node : node:internal/proce
ss/promises:394
At line:1 char:1
+ node 
scripts/record-demo.mjs 
2>&1 | Out-File -FilePath 
.\error.log -E ...
+ ~~~~~~~~~~~~~~~~~~~~~~~~
~~~~~~~~~
    + CategoryInfo        
      : NotSpecified: (n  
  ode:internal/process/   
 promises:394:String)     
[], RemoteException
    + FullyQualifiedError 
   Id : NativeCommandErr  
  or
 
    triggerUncaughtExcepti
on(err, true /* 
fromPromise */);
    ^

browserType.launch: 
Executable doesn't exist 
at C:\Users\Dell\AppData\L
ocal\ms-playwright\chromiu
m_headless_shell-1217\chro
me-headless-shell-win64\ch
rome-headless-shell.exe
횚챵철횚챵횋횚챵횋횚챵횋횚챵횋횚챵횋횚챵횋횚챵횋횚챵
횋횚챵횋횚챵횋횚챵횋횚챵횋횚챵횋횚챵횋횚챵횋횚챵횋횚
챵횋횚챵횋횚챵횋횚챵횋횚챵횋횚챵횋횚챵횋횚챵횋횚챵횋
횚챵횋횚챵횋횚챵횋횚챵횋횚챵횋횚챵횋횚챵횋횚챵횋횚챵
횋횚챵횋횚챵횋횚챵횋횚챵횋횚챵횋횚챵횋횚챵횋횚챵횋횚
챵횋횚챵횋횚챵횋횚챵횋횚챵횋횚챵횋횚챵횋횚챵횋횚챵횋
횚챵횋횚챵횋횚챵횋횚챵횋횚챵횋횚챵횋횚챵횋횚챵횋횚챵
횋횚챵첫
횚챵챈 Looks like Playwright 
was just installed or 
updated.       횚챵챈
횚챵챈 Please run the 
following command to 
download new browsers: 횚챵챈
횚챵챈                       
                          
           횚챵챈
횚챵챈     npx playwright 
install                   
              횚챵챈
횚챵챈                       
                          
           횚챵챈
횚챵챈 <3 Playwright Team    
                          
           횚챵챈
횚챵횥횚챵횋횚챵횋횚챵횋횚챵횋횚챵횋횚챵횋횚챵횋횚챵
횋횚챵횋횚챵횋횚챵횋횚챵횋횚챵횋횚챵횋횚챵횋횚챵횋횚
챵횋횚챵횋횚챵횋횚챵횋횚챵횋횚챵횋횚챵횋횚챵횋횚챵횋
횚챵횋횚챵횋횚챵횋횚챵횋횚챵횋횚챵횋횚챵횋횚챵횋횚챵
횋횚챵횋횚챵횋횚챵횋횚챵횋횚챵횋횚챵횋횚챵횋횚챵횋횚
챵횋횚챵횋횚챵횋횚챵횋횚챵횋횚챵횋횚챵횋횚챵횋횚챵횋
횚챵횋횚챵횋횚챵횋횚챵횋횚챵횋횚챵횋횚챵횋횚챵횋횚챵
횋횚챵횠
    at D:\stellar.stream\S
tellarStream-MVP\scripts\r
ecord-demo.mjs:14:34
    at D:\stellar.stream\S
tellarStream-MVP\scripts\r
ecord-demo.mjs:88:3 {
  name: 'Error'
}

Node.js v24.14.0
